Build started 6/23/2015 4:14:42 PM.
     1>Project "C:\Users\Vincent\Desktop\code\monopoly\Monopoly.vcxproj" on node 2 (Build target(s)).
     1>Link:
         C:\Program Files (x86)\Microsoft Visual Studio 12.0\VC\bin\link.exe /ERRORREPORT:PROMPT /OUT:"C:\Users\Vincent\Desktop\code\monopoly\Release\Monopoly.exe" /INCREMENTAL /NOLOGO kernel32.lib user32.lib gdi32.lib winspool.lib comdlg32.lib advapi32.lib shell32.lib ole32.lib oleaut32.lib uuid.lib odbc32.lib odbccp32.lib /MANIFEST /MANIFESTUAC:"level='asInvoker' uiAccess='false'" /manifest:embed /DEBUG /PDB:"C:\Users\Vincent\Desktop\code\monopoly\Release\Monopoly.pdb" /SUBSYSTEM:CONSOLE /OPT:REF /OPT:ICF /TLBID:1 /DYNAMICBASE /NXCOMPAT /IMPLIB:"C:\Users\Vincent\Desktop\code\monopoly\Release\Monopoly.lib" /MACHINE:X86 /SAFESEH Release\action.obj
         Release\bank.obj
         Release\card.obj
         Release\chance.obj
         Release\community.obj
         Release\gameboard.obj
         Release\gotoaction.obj
         Release\moneyaction.obj
         Release\monopoly.obj
         Release\moveaction.obj
         Release\player.obj
         Release\space.obj
     1>LINK : warning LNK4075: ignoring '/INCREMENTAL' due to '/OPT:ICF' specification
         Monopoly.vcxproj -> C:\Users\Vincent\Desktop\code\monopoly\Release\Monopoly.exe
     1>Done Building Project "C:\Users\Vincent\Desktop\code\monopoly\Monopoly.vcxproj" (Build target(s)).

Build succeeded.

Time Elapsed 00:00:02.82
